<?xml version="1.0" encoding="UTF-8"?>
<!-- Generated by org.testng.reporters.JUnitReportReporter -->
<testsuite hostname="DESKTOP-8SEM39N" failures="0" tests="1" name="TestCases.SATest" time="30.172" errors="0" timestamp="2023-07-15T11:03:04 IST" skipped="0">
  <testcase classname="TestCases.SATest" name="SALogin" time="30.172"/>
  <system-out/>
</testsuite> <!-- TestCases.SATest -->
