<?xml version="1.0" encoding="UTF-8"?>
<!-- Generated by org.testng.reporters.JUnitReportReporter -->
<testsuite hostname="DESKTOP-8SEM39N" failures="0" tests="2" name="TestCases.StandAloneTest" time="31.976" errors="0" timestamp="2023-07-15T11:03:04 IST" skipped="0">
  <testcase classname="TestCases.StandAloneTest" name="TitleTest" time="9.243"/>
  <system-out/>
  <testcase classname="TestCases.StandAloneTest" name="BALogin" time="22.733"/>
  <system-out/>
</testsuite> <!-- TestCases.StandAloneTest -->
